.. toctree::
   :maxdepth: 1

   767/index.rst
   766/index.rst
   765/index.rst
   764/index.rst
   763/index.rst
   762/index.rst
   761/index.rst
   760/index.rst
   759/index.rst
   758/index.rst
   757/index.rst
   756/index.rst
   755/index.rst
   754/index.rst
   753/index.rst
   752/index.rst
   751/index.rst
   750/index.rst
   749/index.rst
   748/index.rst
   747/index.rst
   746/index.rst
   745/index.rst
   744/index.rst
   743/index.rst
   742/index.rst
   741/index.rst
   740/index.rst
   739/index.rst
   738/index.rst
   737/index.rst
   736/index.rst
   735/index.rst
   734/index.rst
   733/index.rst
   732/index.rst
   731/index.rst
   730/index.rst
   729/index.rst
   728/index.rst
   727/index.rst
   726/index.rst
   725/index.rst
   724/index.rst
   723/index.rst
   722/index.rst
   721/index.rst
   720/index.rst
   719/index.rst
   718/index.rst
   717/index.rst
   716/index.rst
   715/index.rst
   714/index.rst
   713/index.rst
   712/index.rst
   711/index.rst
   710/index.rst
   709/index.rst
   708/index.rst
   707/index.rst
   706/index.rst
   705/index.rst
   704/index.rst
   703/index.rst
   702/index.rst
   701/index.rst
   700/index.rst
   699/index.rst
   698/index.rst
   697/index.rst
   696/index.rst
   695/index.rst
   694/index.rst
   693/index.rst
   692/index.rst
   691/index.rst
   690/index.rst
   689/index.rst
   688/index.rst
   687/index.rst
   686/index.rst
   685/index.rst
   684/index.rst
   683/index.rst
   682/index.rst
   681/index.rst
   680/index.rst
   679/index.rst
   678/index.rst
   677/index.rst
   676/index.rst
   675/index.rst
   674/index.rst
   673/index.rst
   672/index.rst
   671/index.rst
   670/index.rst
   669/index.rst
   668/index.rst
   667/index.rst
   666/index.rst
   665/index.rst
   664/index.rst
   663/index.rst
   662/index.rst
   661/index.rst
   660/index.rst
   659/index.rst
   658/index.rst
   657/index.rst
   656/index.rst
   655/index.rst
   654/index.rst
   653/index.rst
   652/index.rst
   651/index.rst
   650/index.rst
   649/index.rst
   648/index.rst
   647/index.rst
   646/index.rst
   645/index.rst
   644/index.rst
   643/index.rst
   642/index.rst
   641/index.rst
   640/index.rst
   639/index.rst
   638/index.rst
   637/index.rst
   636/index.rst
   635/index.rst
   634/index.rst
   633/index.rst
   632/index.rst
   631/index.rst
   630/index.rst
   629/index.rst
   628/index.rst
   627/index.rst
   626/index.rst
   625/index.rst
   623/index.rst
   624/index.rst
   622/index.rst
   621/index.rst
   620/index.rst
   619/index.rst
   618/index.rst
   617/index.rst
   616/index.rst
   615/index.rst
   614/index.rst
   613/index.rst
   612/index.rst
   611/index.rst
   610/index.rst
   609/index.rst
   608/index.rst
   607/index.rst
   606/index.rst
   605/index.rst
   604/index.rst
   603/index.rst
   602/index.rst
   601/index.rst
   600/index.rst
   599/index.rst
   598/index.rst
   597/index.rst
   596/index.rst
   595/index.rst
   594/index.rst
   593/index.rst
   592/index.rst
   591/index.rst
   590/index.rst
   589/index.rst
   588/index.rst
   587/index.rst
   586/index.rst
   585/index.rst
   584/index.rst
   583/index.rst
   582/index.rst
   580/index.rst
   581/index.rst
   579/index.rst
   578/index.rst
   577/index.rst
   576/index.rst
   575/index.rst
   574/index.rst
   573/index.rst
   572/index.rst
   571/index.rst
   570/index.rst
   569/index.rst
   568/index.rst
   567/index.rst
   566/index.rst
   565/index.rst
   564/index.rst
   563/index.rst
   562/index.rst
   561/index.html
   560/index.rst
   559/index.rst
   558/index.rst
   557/index.rst
   8d6430cb30e030c8/index.rst
   555/index.rst
   554/index.rst
   553/index.rst
   552/index.rst
   551/index.rst
   550/index.rst
   549/index.rst
   548/index.rst
   547/index.rst
   546/index.rst
   545/index.rst
   544/index.rst
   543/index.rst
   542/index.rst
   541/index.rst
   540/index.rst
   539/index.rst
   538/index.rst
   537/index.rst
   536/index.rst
   535/index.rst
   534/index.rst
   533/index.rst
   532/index.rst
   531/index.rst
   530/index.rst
   529/index.rst
   528/index.rst
   527/index.rst
   526/index.rst
   525/index.rst
   524/index.rst
   523/index.rst
   522/index.rst
   521/index.rst
   520/index.rst
   519/index.rst
   518/index.rst
   517/index.rst
   516/index.rst
   515/index.rst
   514/index.rst
   513/index.rst
   512/index.stx
   511/index.rst
   510/index.rst
   509/index.rst
   508/index.rst
   507/index.rst
   506/index.rst
   505/index.rst
   504/index.rst
   503/index.rst
   502/index.rst
   500/index.rst
   501/index.rst
   499/index.rst
   498/index.rst
   497/index.rst
   496/index.rst
   495/index.rst
   494/index.rst
   493/index.rst
   492/index.rst
   491/index.rst
   490/index.rst
   489/index.rst
   488/index.rst
   487/index.rst
   486/index.rst
   485/index.rst
   484/index.rst
   483/index.rst
   482/index.rst
   481/index.rst
   480/index.rst
   479/index.rst
   478/index.rst
   477/index.rst
   476/index.rst
   475/index.rst
   474/index.rst
   473/index.rst
   472/index.rst
   471/index.rst
   470/index.rst
   469/index.rst
   468/index.rst
   467/index.rst
   464/index.rst
   463/index.rst
   462/index.rst
   461/index.rst
   460/index.rst
   459/index.rst
   458/index.rst
   457/index.rst
   456/index.rst
   455/index.rst
   454/index.rst
   453/index.rst
   452/index.rst
   451/index.rst
   450/index.rst
   449/index.rst
   448/index.rst
   447/index.rst
   446/index.rst
   445/index.rst
   444/index.rst
   443/index.rst
   442/index.rst
   441/index.rst
   440/index.rst
   439/index.rst
   438/index.rst
   437/index.rst
   436/index.rst
   435/index.rst
   434/index.rst
   433/index.rst
   432/index.rst
   431/index.rst
   430/index.rst
   429/index.rst
   428/index.rst
   427/index.rst
   426/index.rst
   425/index.rst
   424/index.rst
   423/index.rst
   422/index.rst
   421/index.rst
   420/index.rst
   419/index.rst
   418/index.rst
   417/index.rst
   416/index.rst
   415/index.rst
   414/index.rst
   413/index.rst
   412/index.rst
   411/index.rst
   410/index.rst
   409/index.rst
   408/index.rst
   407/index.rst
   406/index.rst
   405/index.rst
   30af30de309255b03075/index.rst
   403/index.rst
   402/index.rst
   401/index.rst
   400/index.rst
   399/index.html
   398/index.rst
   397/index.rst
   396/index.rst
   395/index.rst
   394/index.rst
   393/index.rst
   392/index.rst
   391/index.rst
   390/index.rst
   389/index.rst
   388/index.rst
   387/index.rst
   386/index.rst
   385/index.rst
   384/index.rst
   383/index.rst
   382/index.rst
   381/index.rst
   380/index.rst
   379/index.rst
   378/index.rst
   377/index.rst
   376/index.rst
   375/index.rst
   374/index.rst
   373/index.rst
   372/index.rst
   371/index.rst
   370/index.rst
   369/index.rst
   368/index.rst
   367/index.rst
   366/index.rst
   365/index.rst
   364/index.rst
   363/index.rst
   362/index.rst
   361/index.rst
   360/index.rst
   359/index.rst
   358/index.rst
   357/index.rst
   356/index.rst
   355/index.rst
   famicomband-8th/index.rst
   353/index.rst
   352/index.rst
   351/index.rst
   350/index.rst
   349/index.rst
   348/index.rst
   347/index.rst
   346/index.rst
   345/index.rst
   344/index.rst
   343/index.rst
   342/index.rst
   341/index.rst
   340/index.rst
   339/index.rst
   338/index.rst
   337/index.rst
   336/index.rst
   335/index.rst
   334/index.rst
   333/index.rst
   332/index.rst
   331/index.rst
   330/index.rst
   329/index.rst
   328/index.rst
   327/index.rst
   326/index.rst
   325/index.rst
   324/index.rst
   323/index.rst
   322/index.rst
   321/index.rst
   320/index.rst
   319/index.rst
   318/index.rst
   317/index.rst
   316/index.rst
   315/index.rst
   314/index.rst
   313/index.rst
   312/index.rst
   311/index.rst
   310/index.rst
   309/index.rst
   308/index.rst
   307/index.rst
   306/index.rst
   305/index.rst
   304/index.rst
   303/index.rst
   302/index.rst
   301/index.rst
   300/index.rst
   299/index.rst
   298/index.rst
   297/index.rst
   296/index.rst
   295/index.rst
   294/index.rst
   293/index.rst
   zope-setup-script/index.rst
   4eca591c306f30e930bf30c830a530a430e6/index.rst
   x-mas/index.rst
   30e130e24ee54e0b309230b930de30fc30c830d530a930eb518d69cb621030573066307f308b/index.rst
   663c98ef306b30aa30fc30eb30fc30cc/index.rst
   790237d9a98f2307f4f1a67007d4265e5/index.rst
   671d304b308930b55f015f533001305d3057306630a430c4pauke/index.rst
   30af30ea30b930de30b95fd85e744f1a/index.rst
   zope3092apache306essl52d5304b305930e130e2/index.rst
   4eca65e5306f79d85bc6306e540c7a934f1a3001304a3093/index.rst
   coreblog27c216613spam-filter/index.rst
   coreblog230b330e130f330c88a3153ef/index.rst
   4eca9031306f4eca65e54ee55916516890e898f2307f4f1a/index.rst
   cms-blog-exchange-1-8b1b5e2b30573066304d307e3057305f/index.rst
   nintendo-ds8cb730633066304d307e3057305f/index.rst
   4e2189aa300130aa30fc30b930c830e930ea30a2306b98db/index.rst
   plone2-1-1306e30d530a930eb5199771f/index.rst
   65b05bbf30eb30fc30fc30eb/index.rst
   plone2-1-coreblog2306b79fb884c/index.rst
   273/index.rst
   272/index.rst
   271/index.rst
   270/index.rst
   269/index.rst
   268/index.rst
   267/index.rst
   266/index.rst
   265/index.rst
   264/index.rst
   263/index.rst
   262/index.rst
   261/index.rst
   260/index.rst
   259/index.rst
   258/index.rst
   257/index.rst
   256/index.rst
   255/index.rst
   254/index.rst
   253/index.rst
   252/index.rst
   251/index.rst
   250/index.rst
   249/index.rst
   248/index.rst
   247/index.rst
   246/index.rst
   245/index.rst
   244/index.rst
   243/index.rst
   242/index.rst
   241/index.rst
   240/index.rst
   239/index.rst
   238/index.rst
   237/index.txt
   236/index.rst
   235/index.rst
   234/index.rst
   233/index.rst
   232/index.rst
   231/index.rst
   230/index.rst
   229/index.rst
   228/index.rst
   227/index.rst
   226/index.rst
   225/index.rst
   224/index.rst
   223/index.rst
   222/index.rst
   221/index.rst
   220/index.rst
   219/index.rst
   218/index.rst
   217/index.rst
   216/index.rst
   215/index.rst
   214/index.rst
   213/index.rst
   212/index.rst
   211/index.rst
   210/index.rst
   209/index.rst
   208/index.rst
   207/index.rst
   206/index.rst
   205/index.rst
   204/index.rst
   203/index.rst
   202/index.rst
   201/index.rst
   200/index.rst
   199/index.rst
   198/index.rst
   197/index.rst
   196/index.rst
   195/index.rst
   194/index.rst
   193/index.rst
   192/index.rst
   191/index.rst
   190/index.rst
   189/index.rst
   188/index.rst
   187/index.rst
   186/index.rst
   185/index.rst
   184/index.rst
   183/index.rst
   182/index.rst
   181/index.rst
   180/index.rst
   179/index.rst
   178/index.rst
   177/index.rst
   176/index.rst
   175/index.rst
   174/index.rst
   173/index.rst
   172/index.rst
   171/index.rst
   170/index.rst
   169/index.rst
   168/index.rst
   167/index.rst
   166/index.rst
   165/index.rst
   164/index.rst
   163/index.rst
   162/index.rst
   161/index.rst
   160/index.rst
   159/index.rst
   158/index.rst
   157/index.rst
   156/index.rst
   155/index.rst
   154/index.rst
   153/index.rst
   152/index.rst
   151/index.rst
   150/index.rst
   149/index.rst
   148/index.rst
   147/index.rst
   146/index.rst
   145/index.rst
   144/index.rst
   143/index.rst
   142/index.rst
   141/index.rst
   140/index.rst
   139/index.rst
   138/index.rst
   137/index.rst
   136/index.rst
   135/index.rst
   134/index.rst
   133/index.rst
   132/index.rst
   131/index.rst
   130/index.rst
   129/index.rst
   128/index.rst
   127/index.rst
   126/index.rst
   125/index.rst
   124/index.rst
   123/index.rst
   122/index.rst
   121/index.rst
   120/index.rst
   119/index.rst
   118/index.rst
   117/index.rst
   116/index.rst
   115/index.rst
   114/index.rst
   113/index.rst
   112/index.rst
   111/index.rst
   110/index.rst
   109/index.rst
   108/index.rst
   107/index.rst
   106/index.rst
   105/index.rst
   104/index.rst
   103/index.rst
   102/index.rst
   101/index.rst
   100/index.rst
   99/index.rst
   98/index.rst
   97/index.rst
   96/index.rst
   95/index.rst
   94/index.rst
   93/index.rst
   92/index.rst
   91/index.rst
   90/index.rst
   89/index.rst
   88/index.rst
   87/index.rst
   86/index.rst
   85/index.rst
   84/index.rst
   83/index.rst
   82/index.rst
   81/index.rst
   80/index.rst
   79/index.rst
   78/index.rst
   77/index.rst
   76/index.txt
   75/index.rst
   74/index.rst
   73/index.rst
   72/index.rst
   71/index.rst
   70/index.rst
   69/index.rst
   68/index.rst
   67/index.rst
   66/index.rst
   65/index.rst
   64/index.rst
   63/index.rst
   62/index.rst
   61/index.rst
   60/index.rst
   59/index.rst
   58/index.rst
   57/index.rst
   56/index.rst
   55/index.rst
   54/index.rst
   53/index.rst
   52/index.rst
   51/index.rst
   50/index.rst
   49/index.rst
   48/index.rst
   47/index.rst
   46/index.rst
   45/index.rst
   44/index.rst
   43/index.rst
   42/index.rst
   41/index.rst
   40/index.rst
   39/index.rst
   38/index.rst
   37/index.rst
   36/index.stx
   35/index.stx
   34/index.stx
   33/index.stx
   32/index.stx
   31/index.stx
   30/index.stx
   29/index.stx
   28/index.stx
   27/index.stx
   26/index.stx
   23/index.stx
   24/index.stx
   25/index.stx
   22/index.stx
   21/index.stx
   20/index.stx
   19/index.stx
   18/index.stx
   17/index.stx
   16/index.stx
   15/index.stx
   14/index.stx
   13/index.stx
   12/index.stx
   10/index.stx
   9/index.stx
   8/index.stx
   7/index.stx
   6/index.stx
   5/index.stx
   4/index.stx
   3/index.stx
   2/index.stx
   1/index.stx
